[debug] [2025-04-06T12:00:54.864Z] ----------------------------------------------------------------------
[debug] [2025-04-06T12:00:54.866Z] Command:       C:\Program Files\nodejs\node.exe C:\Users\George\AppData\Roaming\npm\node_modules\firebase-tools\lib\bin\firebase.js init
[debug] [2025-04-06T12:00:54.867Z] CLI Version:   14.1.0
[debug] [2025-04-06T12:00:54.867Z] Platform:      win32
[debug] [2025-04-06T12:00:54.867Z] Node Version:  v22.14.0
[debug] [2025-04-06T12:00:54.867Z] Time:          Sun Apr 06 2025 15:00:54 GMT+0300 (Eastern European Summer Time)
[debug] [2025-04-06T12:00:54.867Z] ----------------------------------------------------------------------
[debug] 
[debug] [2025-04-06T12:00:54.871Z] > command requires scopes: ["email","openid","https://www.googleapis.com/auth/cloudplatformprojects.readonly","https://www.googleapis.com/auth/firebase","https://www.googleapis.com/auth/cloud-platform"]
[debug] [2025-04-06T12:00:54.871Z] > authorizing via signed-in user (tudorbodea915@gmail.com)
[info] 
     ######## #### ########  ######## ########     ###     ######  ########
     ##        ##  ##     ## ##       ##     ##  ##   ##  ##       ##
     ######    ##  ########  ######   ########  #########  ######  ######
     ##        ##  ##    ##  ##       ##     ## ##     ##       ## ##
     ##       #### ##     ## ######## ########  ##     ##  ######  ########

You're about to initialize a Firebase project in this directory:

  D:\Tudor\PoliHack\backend

[info] 
=== Project Setup
[info] 
[info] First, let's associate this project directory with a Firebase project.
[info] You can create multiple project aliases by running firebase use --add, 
[info] but for now we'll just set up a default project.
[info] 
[info] i  If you want to create a project in a Google Cloud organization or folder, please use "firebase projects:create" instead, and return to this command when you've created the project. 
